Using pre-set license
Built from '2021.3/release' branch; Version is '2021.3.28f1 (232e59c3f087) revision 2305625'; Using compiler version '192829333'; Build Type 'Release'
OS: 'Windows 10  (10.0.19045) 64bit Professional' Language: 'en' Physical Memory: 16280 MB
BatchMode: 1, IsHumanControllingUs: 0, StartBugReporterOnCrash: 0, Is64bit: 1, IsPro: 1

COMMAND LINE ARGUMENTS:
C:\Program Files\Unity\Hub\Editor\2021.3.28f1\Editor\Unity.exe
-adb2
-batchMode
-noUpm
-name
AssetImportWorker0
-projectPath
D:/Github/TestWorkVarisoft
-logFile
Logs/AssetImportWorker0.log
-srvPort
60203
Successfully changed project path to: D:/Github/TestWorkVarisoft
D:/Github/TestWorkVarisoft
[UnityMemory] Configuration Parameters - Can be set up in boot.config
    "memorysetup-bucket-allocator-granularity=16"
    "memorysetup-bucket-allocator-bucket-count=8"
    "memorysetup-bucket-allocator-block-size=33554432"
    "memorysetup-bucket-allocator-block-count=8"
    "memorysetup-main-allocator-block-size=16777216"
    "memorysetup-thread-allocator-block-size=16777216"
    "memorysetup-gfx-main-allocator-block-size=16777216"
    "memorysetup-gfx-thread-allocator-block-size=16777216"
    "memorysetup-cache-allocator-block-size=4194304"
    "memorysetup-typetree-allocator-block-size=2097152"
    "memorysetup-profiler-bucket-allocator-granularity=16"
    "memorysetup-profiler-bucket-allocator-bucket-count=8"
    "memorysetup-profiler-bucket-allocator-block-size=33554432"
    "memorysetup-profiler-bucket-allocator-block-count=8"
    "memorysetup-profiler-allocator-block-size=16777216"
    "memorysetup-profiler-editor-allocator-block-size=1048576"
    "memorysetup-temp-allocator-size-main=16777216"
    "memorysetup-job-temp-allocator-block-size=2097152"
    "memorysetup-job-temp-allocator-block-size-background=1048576"
    "memorysetup-job-temp-allocator-reduction-small-platforms=262144"
    "memorysetup-temp-allocator-size-background-worker=32768"
    "memorysetup-temp-allocator-size-job-worker=262144"
    "memorysetup-temp-allocator-size-preload-manager=33554432"
    "memorysetup-temp-allocator-size-nav-mesh-worker=65536"
    "memorysetup-temp-allocator-size-audio-worker=65536"
    "memorysetup-temp-allocator-size-cloud-worker=32768"
    "memorysetup-temp-allocator-size-gi-baking-worker=262144"
    "memorysetup-temp-allocator-size-gfx=262144"
Player connection [11580] Host "[IP] 192.168.1.103 [Port] 0 [Flags] 2 [Guid] 177145604 [EditorId] 177145604 [Version] 1048832 [Id] WindowsEditor(7,DESKTOP-87JQGIK) [Debug] 1 [PackageName] WindowsEditor [ProjectName] Editor" joined multi-casting on [225.0.0.222:54997]...

Player connection [11580] Host "[IP] 192.168.1.103 [Port] 0 [Flags] 2 [Guid] 177145604 [EditorId] 177145604 [Version] 1048832 [Id] WindowsEditor(7,DESKTOP-87JQGIK) [Debug] 1 [PackageName] WindowsEditor [ProjectName] Editor" joined alternative multi-casting on [225.0.0.222:34997]...

Refreshing native plugins compatible for Editor in 90.40 ms, found 2 plugins.
Preloading 0 native plugins for Editor in 0.00 ms.
Initialize engine version: 2021.3.28f1 (232e59c3f087)
[Subsystems] Discovering subsystems at path C:/Program Files/Unity/Hub/Editor/2021.3.28f1/Editor/Data/Resources/UnitySubsystems
[Subsystems] Discovering subsystems at path D:/Github/TestWorkVarisoft/Assets
GfxDevice: creating device client; threaded=0; jobified=0
Direct3D:
    Version:  Direct3D 11.0 [level 11.1]
    Renderer: NVIDIA GeForce GTX 1050 Ti (ID=0x1c82)
    Vendor:   NVIDIA
    VRAM:     4017 MB
    Driver:   31.0.15.3623
Initialize mono
Mono path[0] = 'C:/Program Files/Unity/Hub/Editor/2021.3.28f1/Editor/Data/Managed'
Mono path[1] = 'C:/Program Files/Unity/Hub/Editor/2021.3.28f1/Editor/Data/MonoBleedingEdge/lib/mono/unityjit-win32'
Mono config path = 'C:/Program Files/Unity/Hub/Editor/2021.3.28f1/Editor/Data/MonoBleedingEdge/etc'
Using monoOptions --debugger-agent=transport=dt_socket,embedding=1,server=y,suspend=n,address=127.0.0.1:56040
Begin MonoManager ReloadAssembly
Registering precompiled unity dll's ...
Register platform support module: C:/Program Files/Unity/Hub/Editor/2021.3.28f1/Editor/Data/PlaybackEngines/AndroidPlayer/UnityEditor.Android.Extensions.dll
Register platform support module: C:/Program Files/Unity/Hub/Editor/2021.3.28f1/Editor/Data/PlaybackEngines/WindowsStandaloneSupport/UnityEditor.WindowsStandalone.Extensions.dll
Registered in 0.009412 seconds.
Native extension for WindowsStandalone target not found
Native extension for Android target not found
Android Extension - Scanning For ADB Devices 255 ms
Refreshing native plugins compatible for Editor in 82.04 ms, found 2 plugins.
Preloading 0 native plugins for Editor in 0.00 ms.
Mono: successfully reloaded assembly
- Completed reload, in  0.976 seconds
Domain Reload Profiling:
	ReloadAssembly (977ms)
		BeginReloadAssembly (86ms)
			ExecutionOrderSort (0ms)
			DisableScriptedObjects (0ms)
			BackupInstance (0ms)
			ReleaseScriptingObjects (0ms)
			CreateAndSetChildDomain (1ms)
		EndReloadAssembly (780ms)
			LoadAssemblies (84ms)
			RebuildTransferFunctionScriptingTraits (0ms)
			SetupTypeCache (118ms)
			ReleaseScriptCaches (0ms)
			RebuildScriptCaches (31ms)
			SetupLoadedEditorAssemblies (576ms)
				LogAssemblyErrors (0ms)
				InitializePlatformSupportModulesInManaged (355ms)
				SetLoadedEditorAssemblies (0ms)
				RefreshPlugins (82ms)
				BeforeProcessingInitializeOnLoad (1ms)
				ProcessInitializeOnLoadAttributes (92ms)
				ProcessInitializeOnLoadMethodAttributes (46ms)
				AfterProcessingInitializeOnLoad (0ms)
				EditorAssembliesLoaded (0ms)
			ExecutionOrderSort2 (0ms)
			AwakeInstancesAfterBackupRestoration (0ms)
Platform modules already initialized, skipping
Registering precompiled user dll's ...
Registered in 0.007192 seconds.
Begin MonoManager ReloadAssembly
Symbol file LoadedFromMemory is not a mono symbol file
Native extension for WindowsStandalone target not found
Native extension for Android target not found
Refreshing native plugins compatible for Editor in 91.63 ms, found 2 plugins.
Preloading 0 native plugins for Editor in 0.00 ms.
Mono: successfully reloaded assembly
- Completed reload, in  1.578 seconds
Domain Reload Profiling:
	ReloadAssembly (1579ms)
		BeginReloadAssembly (140ms)
			ExecutionOrderSort (0ms)
			DisableScriptedObjects (6ms)
			BackupInstance (0ms)
			ReleaseScriptingObjects (0ms)
			CreateAndSetChildDomain (20ms)
		EndReloadAssembly (1324ms)
			LoadAssemblies (124ms)
			RebuildTransferFunctionScriptingTraits (0ms)
			SetupTypeCache (259ms)
			ReleaseScriptCaches (1ms)
			RebuildScriptCaches (65ms)
			SetupLoadedEditorAssemblies (851ms)
				LogAssemblyErrors (0ms)
				InitializePlatformSupportModulesInManaged (20ms)
				SetLoadedEditorAssemblies (0ms)
				RefreshPlugins (92ms)
				BeforeProcessingInitializeOnLoad (104ms)
				ProcessInitializeOnLoadAttributes (458ms)
				ProcessInitializeOnLoadMethodAttributes (168ms)
				AfterProcessingInitializeOnLoad (8ms)
				EditorAssembliesLoaded (0ms)
			ExecutionOrderSort2 (0ms)
			AwakeInstancesAfterBackupRestoration (5ms)
Platform modules already initialized, skipping
========================================================================
Worker process is ready to serve import requests
Launched and connected shader compiler UnityShaderCompiler.exe after 0.05 seconds
Refreshing native plugins compatible for Editor in 1.03 ms, found 2 plugins.
Preloading 0 native plugins for Editor in 0.00 ms.
Unloading 4594 Unused Serialized files (Serialized files now loaded: 0)
Unloading 60 unused Assets / (335.8 KB). Loaded Objects now: 5039.
Memory consumption went from 200.4 MB to 200.1 MB.
Total: 7.511200 ms (FindLiveObjects: 0.427200 ms CreateObjectMapping: 0.314900 ms MarkObjects: 6.613000 ms  DeleteObjects: 0.155000 ms)

AssetImportParameters requested are different than current active one (requested -> active):
  custom:video-decoder-ogg-theora: a1e56fd34408186e4bbccfd4996cb3dc -> 
  custom:container-muxer-webm: aa71ff27fc2769a1b78a27578f13a17b -> 
  custom:container-demuxer-webm: 4f35f7cbe854078d1ac9338744f61a02 -> 
  custom:video-encoder-webm-vp8: eb34c28f22e8b96e1ab97ce403110664 -> 
  custom:audio-encoder-webm-vorbis: bf7c407c2cedff20999df2af8eb42d56 -> 
  custom:framework-win-MediaFoundation: 216162199b28c13a410421893ffa2e32 -> 
  custom:container-demuxer-ogg: 62fdf1f143b41e24485cea50d1cbac27 -> 
  custom:video-decoder-webm-vp8: 9c59270c3fd7afecdb556c50c9e8de78 -> 
  custom:audio-decoder-ogg-vorbis: bf7c407c2cedff20999df2af8eb42d56 -> 
========================================================================
Received Import Request.
  Time since last request: 20714.751850 seconds.
  path: Assets/Tilemaps/Isometric/Tiles/Basic/base13.asset
  artifactKey: Guid(a3ec3ae262d13e64fb9fb55fba53dcf6) Importer(815301076,1909f56bfc062723c751e8b465ee728b)
Start importing Assets/Tilemaps/Isometric/Tiles/Basic/base13.asset using Guid(a3ec3ae262d13e64fb9fb55fba53dcf6) Importer(815301076,1909f56bfc062723c751e8b465ee728b)  -> (artifact id: '3ffa6c009f18a79dccde7d4a7777dc40') in 0.088839 seconds 
========================================================================
Received Import Request.
  Time since last request: 0.000020 seconds.
  path: Assets/Tilemaps/Isometric/Tiles/FrozenCave/cave-sliced_09.asset
  artifactKey: Guid(abb4b4b22f623b2459e748b1b85b7612) Importer(815301076,1909f56bfc062723c751e8b465ee728b)
Start importing Assets/Tilemaps/Isometric/Tiles/FrozenCave/cave-sliced_09.asset using Guid(abb4b4b22f623b2459e748b1b85b7612) Importer(815301076,1909f56bfc062723c751e8b465ee728b)  -> (artifact id: '493a0c3422e133c21f7ee45641b4bc03') in 0.039697 seconds 
========================================================================
Received Import Request.
  Time since last request: 0.000040 seconds.
  path: Assets/Tilemaps/Isometric/Tiles/FrozenCave/cave-sliced_01.asset
  artifactKey: Guid(4607bc0377d912345864e1ed9c345458) Importer(815301076,1909f56bfc062723c751e8b465ee728b)
Start importing Assets/Tilemaps/Isometric/Tiles/FrozenCave/cave-sliced_01.asset using Guid(4607bc0377d912345864e1ed9c345458) Importer(815301076,1909f56bfc062723c751e8b465ee728b)  -> (artifact id: '8abb7c7e0cbbe8d12b88c77468c5ce4a') in 0.061690 seconds 
========================================================================
Received Import Request.
  Time since last request: 0.000020 seconds.
  path: Assets/Tilemaps/Isometric/Tiles/Basic/base14.asset
  artifactKey: Guid(4116832f03f23914f93a0738402e417f) Importer(815301076,1909f56bfc062723c751e8b465ee728b)
Start importing Assets/Tilemaps/Isometric/Tiles/Basic/base14.asset using Guid(4116832f03f23914f93a0738402e417f) Importer(815301076,1909f56bfc062723c751e8b465ee728b)  -> (artifact id: '576aa1b5b650659870d9c8f993220e94') in 0.037773 seconds 
========================================================================
Received Import Request.
  Time since last request: 0.000019 seconds.
  path: Assets/Tilemaps/Isometric/Tiles/FrozenCave/cave-sliced_04.asset
  artifactKey: Guid(f533f7be6df940443b991d5853c44f17) Importer(815301076,1909f56bfc062723c751e8b465ee728b)
Start importing Assets/Tilemaps/Isometric/Tiles/FrozenCave/cave-sliced_04.asset using Guid(f533f7be6df940443b991d5853c44f17) Importer(815301076,1909f56bfc062723c751e8b465ee728b)  -> (artifact id: 'd42f3377001780f31ff03f8fcb289e66') in 0.052936 seconds 
========================================================================
Received Import Request.
  Time since last request: 0.000022 seconds.
  path: Assets/Tilemaps/Isometric/Tiles/FrozenCave/cave-sliced_16.asset
  artifactKey: Guid(a5819e01dce754243909e81cf0e456b2) Importer(815301076,1909f56bfc062723c751e8b465ee728b)
Start importing Assets/Tilemaps/Isometric/Tiles/FrozenCave/cave-sliced_16.asset using Guid(a5819e01dce754243909e81cf0e456b2) Importer(815301076,1909f56bfc062723c751e8b465ee728b)  -> (artifact id: 'b8d8c93ecbfef2741dbe60d82ea5aa48') in 0.037411 seconds 
========================================================================
Received Import Request.
  Time since last request: 0.000020 seconds.
  path: Assets/Tilemaps/Isometric/Tiles/FrozenCave/cave-sliced_12.asset
  artifactKey: Guid(ff904b115c5b4c545b2f075dfc8fc3d8) Importer(815301076,1909f56bfc062723c751e8b465ee728b)
Start importing Assets/Tilemaps/Isometric/Tiles/FrozenCave/cave-sliced_12.asset using Guid(ff904b115c5b4c545b2f075dfc8fc3d8) Importer(815301076,1909f56bfc062723c751e8b465ee728b)  -> (artifact id: 'cb35cbc6e6230b0ad891557dab26a294') in 0.033145 seconds 
========================================================================
Received Prepare
Registering precompiled user dll's ...
Registered in 0.005355 seconds.
Begin MonoManager ReloadAssembly
Symbol file LoadedFromMemory is not a mono symbol file
Native extension for WindowsStandalone target not found
Native extension for Android target not found
Refreshing native plugins compatible for Editor in 1.02 ms, found 2 plugins.
Preloading 0 native plugins for Editor in 0.00 ms.
Mono: successfully reloaded assembly
- Completed reload, in  1.398 seconds
Domain Reload Profiling:
	ReloadAssembly (1399ms)
		BeginReloadAssembly (154ms)
			ExecutionOrderSort (0ms)
			DisableScriptedObjects (7ms)
			BackupInstance (0ms)
			ReleaseScriptingObjects (0ms)
			CreateAndSetChildDomain (41ms)
		EndReloadAssembly (1142ms)
			LoadAssemblies (107ms)
			RebuildTransferFunctionScriptingTraits (0ms)
			SetupTypeCache (254ms)
			ReleaseScriptCaches (2ms)
			RebuildScriptCaches (47ms)
			SetupLoadedEditorAssemblies (688ms)
				LogAssemblyErrors (0ms)
				InitializePlatformSupportModulesInManaged (22ms)
				SetLoadedEditorAssemblies (0ms)
				RefreshPlugins (1ms)
				BeforeProcessingInitializeOnLoad (85ms)
				ProcessInitializeOnLoadAttributes (405ms)
				ProcessInitializeOnLoadMethodAttributes (166ms)
				AfterProcessingInitializeOnLoad (8ms)
				EditorAssembliesLoaded (0ms)
			ExecutionOrderSort2 (0ms)
			AwakeInstancesAfterBackupRestoration (9ms)
Platform modules already initialized, skipping
Refreshing native plugins compatible for Editor in 3.63 ms, found 2 plugins.
Preloading 0 native plugins for Editor in 0.00 ms.
Unloading 4450 Unused Serialized files (Serialized files now loaded: 0)
Unloading 47 unused Assets / (308.2 KB). Loaded Objects now: 5043.
Memory consumption went from 188.8 MB to 188.5 MB.
Total: 6.819600 ms (FindLiveObjects: 0.380600 ms CreateObjectMapping: 0.309600 ms MarkObjects: 6.008900 ms  DeleteObjects: 0.119200 ms)

AssetImportParameters requested are different than current active one (requested -> active):
  custom:video-decoder-ogg-theora: a1e56fd34408186e4bbccfd4996cb3dc -> 
  custom:container-muxer-webm: aa71ff27fc2769a1b78a27578f13a17b -> 
  custom:container-demuxer-webm: 4f35f7cbe854078d1ac9338744f61a02 -> 
  custom:video-encoder-webm-vp8: eb34c28f22e8b96e1ab97ce403110664 -> 
  custom:CustomObjectIndexerAttribute: 6b0e35c9178b02a6363f3721b7b8e397 -> 
  custom:audio-encoder-webm-vorbis: bf7c407c2cedff20999df2af8eb42d56 -> 
  custom:framework-win-MediaFoundation: 216162199b28c13a410421893ffa2e32 -> 
  custom:container-demuxer-ogg: 62fdf1f143b41e24485cea50d1cbac27 -> 
  custom:video-decoder-webm-vp8: 9c59270c3fd7afecdb556c50c9e8de78 -> 
  custom:audio-decoder-ogg-vorbis: bf7c407c2cedff20999df2af8eb42d56 -> 
========================================================================
Received Prepare
Registering precompiled user dll's ...
Registered in 0.005130 seconds.
Begin MonoManager ReloadAssembly
Symbol file LoadedFromMemory is not a mono symbol file
Native extension for WindowsStandalone target not found
Native extension for Android target not found
Refreshing native plugins compatible for Editor in 1.08 ms, found 2 plugins.
Preloading 0 native plugins for Editor in 0.00 ms.
Mono: successfully reloaded assembly
- Completed reload, in  1.404 seconds
Domain Reload Profiling:
	ReloadAssembly (1404ms)
		BeginReloadAssembly (146ms)
			ExecutionOrderSort (0ms)
			DisableScriptedObjects (7ms)
			BackupInstance (0ms)
			ReleaseScriptingObjects (0ms)
			CreateAndSetChildDomain (42ms)
		EndReloadAssembly (1163ms)
			LoadAssemblies (109ms)
			RebuildTransferFunctionScriptingTraits (0ms)
			SetupTypeCache (275ms)
			ReleaseScriptCaches (1ms)
			RebuildScriptCaches (45ms)
			SetupLoadedEditorAssemblies (690ms)
				LogAssemblyErrors (0ms)
				InitializePlatformSupportModulesInManaged (26ms)
				SetLoadedEditorAssemblies (0ms)
				RefreshPlugins (1ms)
				BeforeProcessingInitializeOnLoad (78ms)
				ProcessInitializeOnLoadAttributes (408ms)
				ProcessInitializeOnLoadMethodAttributes (168ms)
				AfterProcessingInitializeOnLoad (8ms)
				EditorAssembliesLoaded (0ms)
			ExecutionOrderSort2 (0ms)
			AwakeInstancesAfterBackupRestoration (7ms)
Platform modules already initialized, skipping
Refreshing native plugins compatible for Editor in 5.78 ms, found 2 plugins.
Preloading 0 native plugins for Editor in 0.00 ms.
Unloading 4450 Unused Serialized files (Serialized files now loaded: 0)
Unloading 47 unused Assets / (308.2 KB). Loaded Objects now: 5046.
Memory consumption went from 188.8 MB to 188.5 MB.
Total: 7.805400 ms (FindLiveObjects: 0.379100 ms CreateObjectMapping: 0.299900 ms MarkObjects: 6.990300 ms  DeleteObjects: 0.134900 ms)

AssetImportParameters requested are different than current active one (requested -> active):
  custom:video-decoder-ogg-theora: a1e56fd34408186e4bbccfd4996cb3dc -> 
  custom:container-muxer-webm: aa71ff27fc2769a1b78a27578f13a17b -> 
  custom:container-demuxer-webm: 4f35f7cbe854078d1ac9338744f61a02 -> 
  custom:video-encoder-webm-vp8: eb34c28f22e8b96e1ab97ce403110664 -> 
  custom:CustomObjectIndexerAttribute: 6b0e35c9178b02a6363f3721b7b8e397 -> 
  custom:audio-encoder-webm-vorbis: bf7c407c2cedff20999df2af8eb42d56 -> 
  custom:framework-win-MediaFoundation: 216162199b28c13a410421893ffa2e32 -> 
  custom:container-demuxer-ogg: 62fdf1f143b41e24485cea50d1cbac27 -> 
  custom:video-decoder-webm-vp8: 9c59270c3fd7afecdb556c50c9e8de78 -> 
  custom:audio-decoder-ogg-vorbis: bf7c407c2cedff20999df2af8eb42d56 -> 
========================================================================
Received Import Request.
  Time since last request: 2657.402594 seconds.
  path: Assets/Tilemaps/Isometric/Tiles/Basic/cube01.asset
  artifactKey: Guid(7f32039c55da1884687d6a26e1e96a20) Importer(815301076,1909f56bfc062723c751e8b465ee728b)
Start importing Assets/Tilemaps/Isometric/Tiles/Basic/cube01.asset using Guid(7f32039c55da1884687d6a26e1e96a20) Importer(815301076,1909f56bfc062723c751e8b465ee728b)  -> (artifact id: 'a67a3a5e548eff637202de9711169af9') in 0.051298 seconds 
========================================================================
Received Import Request.
  Time since last request: 0.000031 seconds.
  path: Assets/Tilemaps/Isometric/Tiles/Basic/slope.asset
  artifactKey: Guid(2b1703db058bd9d4b95af532f3a5b8f2) Importer(815301076,1909f56bfc062723c751e8b465ee728b)
Start importing Assets/Tilemaps/Isometric/Tiles/Basic/slope.asset using Guid(2b1703db058bd9d4b95af532f3a5b8f2) Importer(815301076,1909f56bfc062723c751e8b465ee728b)  -> (artifact id: '44ef7b96078bde57123fe81888c22aa4') in 0.009203 seconds 
========================================================================
Received Import Request.
  Time since last request: 0.000021 seconds.
  path: Assets/Tilemaps/Isometric/Tiles/Basic/cube06.asset
  artifactKey: Guid(63e3f893eb615ee408d14701087bf118) Importer(815301076,1909f56bfc062723c751e8b465ee728b)
Start importing Assets/Tilemaps/Isometric/Tiles/Basic/cube06.asset using Guid(63e3f893eb615ee408d14701087bf118) Importer(815301076,1909f56bfc062723c751e8b465ee728b)  -> (artifact id: '288d853c7fa4ac3d171c12cedbdee0ba') in 0.007718 seconds 
========================================================================
Received Import Request.
  Time since last request: 0.000029 seconds.
  path: Assets/Tilemaps/Isometric/Tiles/Basic/cube15.asset
  artifactKey: Guid(a131abcca42dbe9438c0725dd1a76943) Importer(815301076,1909f56bfc062723c751e8b465ee728b)
Start importing Assets/Tilemaps/Isometric/Tiles/Basic/cube15.asset using Guid(a131abcca42dbe9438c0725dd1a76943) Importer(815301076,1909f56bfc062723c751e8b465ee728b)  -> (artifact id: 'bf7be4e8d926fb35d752a09e61705047') in 0.030387 seconds 
========================================================================
Received Import Request.
  Time since last request: 0.000019 seconds.
  path: Assets/Tilemaps/Isometric/Tiles/Basic/cube12.asset
  artifactKey: Guid(a5a8519cc734112449f264af09d8b10c) Importer(815301076,1909f56bfc062723c751e8b465ee728b)
Start importing Assets/Tilemaps/Isometric/Tiles/Basic/cube12.asset using Guid(a5a8519cc734112449f264af09d8b10c) Importer(815301076,1909f56bfc062723c751e8b465ee728b)  -> (artifact id: '6328e4422bc1377e10b0714e6f82505d') in 0.007707 seconds 
========================================================================
Received Import Request.
  Time since last request: 0.000018 seconds.
  path: Assets/Tilemaps/Isometric/Tiles/Basic/cube11.asset
  artifactKey: Guid(4048cf0877ad03349a13f8bf43792641) Importer(815301076,1909f56bfc062723c751e8b465ee728b)
Start importing Assets/Tilemaps/Isometric/Tiles/Basic/cube11.asset using Guid(4048cf0877ad03349a13f8bf43792641) Importer(815301076,1909f56bfc062723c751e8b465ee728b)  -> (artifact id: '8e1a019a9ca776e5230b5111bca98ea7') in 0.008144 seconds 
========================================================================
Received Import Request.
  Time since last request: 0.000019 seconds.
  path: Assets/Tilemaps/Isometric/Tiles/Basic/cube02.asset
  artifactKey: Guid(81862fa37c2190b4cb061d2a6e47d489) Importer(815301076,1909f56bfc062723c751e8b465ee728b)
Start importing Assets/Tilemaps/Isometric/Tiles/Basic/cube02.asset using Guid(81862fa37c2190b4cb061d2a6e47d489) Importer(815301076,1909f56bfc062723c751e8b465ee728b)  -> (artifact id: '4c705a6a033c2c6ad0cba7a028ac768a') in 0.013991 seconds 
========================================================================
Received Import Request.
  Time since last request: 0.000016 seconds.
  path: Assets/Tilemaps/Isometric/Tiles/Basic/cube07.asset
  artifactKey: Guid(3f6162117848d974d93d2447365b5641) Importer(815301076,1909f56bfc062723c751e8b465ee728b)
Start importing Assets/Tilemaps/Isometric/Tiles/Basic/cube07.asset using Guid(3f6162117848d974d93d2447365b5641) Importer(815301076,1909f56bfc062723c751e8b465ee728b)  -> (artifact id: '4b8c5dd871e88cda309211b8111e67c0') in 0.007163 seconds 
========================================================================
Received Import Request.
  Time since last request: 0.000023 seconds.
  path: Assets/Tilemaps/Isometric/Tiles/Basic/cube10.asset
  artifactKey: Guid(8a1396262a6d22e43b4d42ff4a0609e4) Importer(815301076,1909f56bfc062723c751e8b465ee728b)
Start importing Assets/Tilemaps/Isometric/Tiles/Basic/cube10.asset using Guid(8a1396262a6d22e43b4d42ff4a0609e4) Importer(815301076,1909f56bfc062723c751e8b465ee728b)  -> (artifact id: '5f8de94cd5550412470a3c13a9853106') in 0.007620 seconds 
========================================================================
Received Import Request.
  Time since last request: 3.484176 seconds.
  path: Assets/Tilemaps/Hexagonal/Sprites/hex-sliced_14.png
  artifactKey: Guid(302510cb693c8f34d9883fbf95bc5ba1) Importer(815301076,1909f56bfc062723c751e8b465ee728b)
Start importing Assets/Tilemaps/Hexagonal/Sprites/hex-sliced_14.png using Guid(302510cb693c8f34d9883fbf95bc5ba1) Importer(815301076,1909f56bfc062723c751e8b465ee728b)  -> (artifact id: '3b1a8a7117d5f68ca44bbe0096e5ee1d') in 0.056674 seconds 
========================================================================
Received Import Request.
  Time since last request: 0.000024 seconds.
  path: Assets/Tilemaps/Hexagonal/Sprites/hex-sliced_16.png
  artifactKey: Guid(d784325615a3c0b47aeb685fa0fcf7c5) Importer(815301076,1909f56bfc062723c751e8b465ee728b)
Start importing Assets/Tilemaps/Hexagonal/Sprites/hex-sliced_16.png using Guid(d784325615a3c0b47aeb685fa0fcf7c5) Importer(815301076,1909f56bfc062723c751e8b465ee728b)  -> (artifact id: '1c80e5f9d3c715cddbf46bb485d962ce') in 0.068504 seconds 
========================================================================
Received Import Request.
  Time since last request: 0.000020 seconds.
  path: Assets/Tilemaps/Hexagonal/Sprites/hex-sliced_18.png
  artifactKey: Guid(5a0e0655117db5441b2aba93fd7814d2) Importer(815301076,1909f56bfc062723c751e8b465ee728b)
Start importing Assets/Tilemaps/Hexagonal/Sprites/hex-sliced_18.png using Guid(5a0e0655117db5441b2aba93fd7814d2) Importer(815301076,1909f56bfc062723c751e8b465ee728b)  -> (artifact id: '9ac4f411bad6bfa0e7a19c6c2d9702d4') in 0.032431 seconds 
========================================================================
Received Import Request.
  Time since last request: 0.000019 seconds.
  path: Assets/Tilemaps/Hexagonal/Sprites/hex-sliced_47.png
  artifactKey: Guid(769c311a90c4a234383a8af6191aad14) Importer(815301076,1909f56bfc062723c751e8b465ee728b)
Start importing Assets/Tilemaps/Hexagonal/Sprites/hex-sliced_47.png using Guid(769c311a90c4a234383a8af6191aad14) Importer(815301076,1909f56bfc062723c751e8b465ee728b)  -> (artifact id: '0f7660d557e0e8daabff81facd1470a7') in 0.015691 seconds 
========================================================================
Received Import Request.
  Time since last request: 0.000042 seconds.
  path: Assets/Tilemaps/Hexagonal/Sprites/hex-sliced_30.png
  artifactKey: Guid(4ac635f94f84b4f4fa2f7b10c7c6df8c) Importer(815301076,1909f56bfc062723c751e8b465ee728b)
Start importing Assets/Tilemaps/Hexagonal/Sprites/hex-sliced_30.png using Guid(4ac635f94f84b4f4fa2f7b10c7c6df8c) Importer(815301076,1909f56bfc062723c751e8b465ee728b)  -> (artifact id: '431e340612550ca3ba6650edb8c65c39') in 0.023045 seconds 
========================================================================
Received Import Request.
  Time since last request: 0.000021 seconds.
  path: Assets/Tilemaps/Hexagonal/Sprites/hex-sliced_19.png
  artifactKey: Guid(a033570a92209ae4d9c7c721159bc5b5) Importer(815301076,1909f56bfc062723c751e8b465ee728b)
Start importing Assets/Tilemaps/Hexagonal/Sprites/hex-sliced_19.png using Guid(a033570a92209ae4d9c7c721159bc5b5) Importer(815301076,1909f56bfc062723c751e8b465ee728b)  -> (artifact id: '82c059bee20709e20e0c6b716809b4f3') in 0.038023 seconds 
========================================================================
Received Import Request.
  Time since last request: 0.000017 seconds.
  path: Assets/Tilemaps/Hexagonal/Sprites/hex-sliced_29.png
  artifactKey: Guid(c764768038379494b9f8f951d9439747) Importer(815301076,1909f56bfc062723c751e8b465ee728b)
Start importing Assets/Tilemaps/Hexagonal/Sprites/hex-sliced_29.png using Guid(c764768038379494b9f8f951d9439747) Importer(815301076,1909f56bfc062723c751e8b465ee728b)  -> (artifact id: '8e5405af122ff1243f7a6f8328958b56') in 0.041844 seconds 
========================================================================
Received Import Request.
  Time since last request: 0.000020 seconds.
  path: Assets/Tilemaps/Hexagonal/Sprites/hex-sliced_20.png
  artifactKey: Guid(d3bd1eae8bc197a439ddca480eeec9bf) Importer(815301076,1909f56bfc062723c751e8b465ee728b)
Start importing Assets/Tilemaps/Hexagonal/Sprites/hex-sliced_20.png using Guid(d3bd1eae8bc197a439ddca480eeec9bf) Importer(815301076,1909f56bfc062723c751e8b465ee728b)  -> (artifact id: '5860ea1edaa3b0962548c7326c4f322d') in 0.016655 seconds 
========================================================================
Received Import Request.
  Time since last request: 0.000028 seconds.
  path: Assets/Tilemaps/Hexagonal/Sprites/hex-sliced_24.png
  artifactKey: Guid(361f44e398172b948bfb9261cabcfd87) Importer(815301076,1909f56bfc062723c751e8b465ee728b)
Start importing Assets/Tilemaps/Hexagonal/Sprites/hex-sliced_24.png using Guid(361f44e398172b948bfb9261cabcfd87) Importer(815301076,1909f56bfc062723c751e8b465ee728b)  -> (artifact id: '84010e642bec74525995033f37409c0a') in 0.032821 seconds 
========================================================================
Received Import Request.
  Time since last request: 0.000021 seconds.
  path: Assets/Tilemaps/Hexagonal/Sprites/hex-sliced_31.png
  artifactKey: Guid(72f13be8376eb3f42a1c7c845fdc9c8e) Importer(815301076,1909f56bfc062723c751e8b465ee728b)
Start importing Assets/Tilemaps/Hexagonal/Sprites/hex-sliced_31.png using Guid(72f13be8376eb3f42a1c7c845fdc9c8e) Importer(815301076,1909f56bfc062723c751e8b465ee728b)  -> (artifact id: '95a9a8d66602d8828359b72265f19578') in 0.020441 seconds 
========================================================================
Received Import Request.
  Time since last request: 0.000032 seconds.
  path: Assets/Tilemaps/Hexagonal/Sprites/hex-sliced_51.png
  artifactKey: Guid(bfa68fa1ecab7bc41b2b30c9fb798d0b) Importer(815301076,1909f56bfc062723c751e8b465ee728b)
Start importing Assets/Tilemaps/Hexagonal/Sprites/hex-sliced_51.png using Guid(bfa68fa1ecab7bc41b2b30c9fb798d0b) Importer(815301076,1909f56bfc062723c751e8b465ee728b)  -> (artifact id: 'a0b62ba6aa656004a4ab8b4b7a834be3') in 0.025989 seconds 
========================================================================
Received Import Request.
  Time since last request: 0.000034 seconds.
  path: Assets/Tilemaps/Hexagonal/Sprites/hex-sliced_25.png
  artifactKey: Guid(da1eda92c7749c548bb342963848aac6) Importer(815301076,1909f56bfc062723c751e8b465ee728b)
Start importing Assets/Tilemaps/Hexagonal/Sprites/hex-sliced_25.png using Guid(da1eda92c7749c548bb342963848aac6) Importer(815301076,1909f56bfc062723c751e8b465ee728b)  -> (artifact id: 'b7dbb75dcdeb94bf7d4149a0d7eaabd9') in 0.027184 seconds 
========================================================================
Received Import Request.
  Time since last request: 0.000028 seconds.
  path: Assets/Tilemaps/Hexagonal/Sprites/hex-sliced_32.png
  artifactKey: Guid(6116a469054b956468c62d4805e1d26d) Importer(815301076,1909f56bfc062723c751e8b465ee728b)
Start importing Assets/Tilemaps/Hexagonal/Sprites/hex-sliced_32.png using Guid(6116a469054b956468c62d4805e1d26d) Importer(815301076,1909f56bfc062723c751e8b465ee728b)  -> (artifact id: '8eef1e98041f3f2bcc3400713757a1e9') in 0.054170 seconds 
========================================================================
Received Import Request.
  Time since last request: 0.000020 seconds.
  path: Assets/Tilemaps/Hexagonal/Sprites/hex-sliced_23.png
  artifactKey: Guid(c525bb7533aacb64181d64f7a5fc6e48) Importer(815301076,1909f56bfc062723c751e8b465ee728b)
Start importing Assets/Tilemaps/Hexagonal/Sprites/hex-sliced_23.png using Guid(c525bb7533aacb64181d64f7a5fc6e48) Importer(815301076,1909f56bfc062723c751e8b465ee728b)  -> (artifact id: 'a632fc98a314c53b3437c5bc92ea22bc') in 0.039293 seconds 
========================================================================
Received Import Request.
  Time since last request: 0.000064 seconds.
  path: Assets/Tilemaps/Hexagonal/Sprites/hex-sliced_15.png
  artifactKey: Guid(10c4b62cd7c42f441ac561633043c35d) Importer(815301076,1909f56bfc062723c751e8b465ee728b)
Start importing Assets/Tilemaps/Hexagonal/Sprites/hex-sliced_15.png using Guid(10c4b62cd7c42f441ac561633043c35d) Importer(815301076,1909f56bfc062723c751e8b465ee728b)  -> (artifact id: '9851a9395465dc95fedc1935f3435d89') in 0.052442 seconds 
========================================================================
Received Import Request.
  Time since last request: 0.000027 seconds.
  path: Assets/Tilemaps/Hexagonal/Sprites/hex-sliced_28.png
  artifactKey: Guid(18d96ab9487052e478e9089c6d8303a1) Importer(815301076,1909f56bfc062723c751e8b465ee728b)
Start importing Assets/Tilemaps/Hexagonal/Sprites/hex-sliced_28.png using Guid(18d96ab9487052e478e9089c6d8303a1) Importer(815301076,1909f56bfc062723c751e8b465ee728b)  -> (artifact id: '2919dcbb7ba0be07bacbc9b4df59e3fb') in 0.022948 seconds 
========================================================================
Received Import Request.
  Time since last request: 2.426619 seconds.
  path: Assets/Tilemaps/Hexagonal/Sprites/hex-sliced_73.png
  artifactKey: Guid(1e6a90c69e6c0a247b7439f94ac7897d) Importer(815301076,1909f56bfc062723c751e8b465ee728b)
Start importing Assets/Tilemaps/Hexagonal/Sprites/hex-sliced_73.png using Guid(1e6a90c69e6c0a247b7439f94ac7897d) Importer(815301076,1909f56bfc062723c751e8b465ee728b)  -> (artifact id: '1792371eda1c2a05d37e7fd97fd3eaaf') in 0.023730 seconds 
========================================================================
Received Import Request.
  Time since last request: 0.000020 seconds.
  path: Assets/Tilemaps/Hexagonal/Sprites/hex-sliced_79.png
  artifactKey: Guid(921f451e3b4d67b458ed1e69fe6aad76) Importer(815301076,1909f56bfc062723c751e8b465ee728b)
Start importing Assets/Tilemaps/Hexagonal/Sprites/hex-sliced_79.png using Guid(921f451e3b4d67b458ed1e69fe6aad76) Importer(815301076,1909f56bfc062723c751e8b465ee728b)  -> (artifact id: '7cbbf5a0013596b28422c54d5ba52070') in 0.070818 seconds 
========================================================================
Received Import Request.
  Time since last request: 0.000019 seconds.
  path: Assets/Tilemaps/Hexagonal/Sprites/hex-sliced_84.png
  artifactKey: Guid(5f13dedd4f042a845b24c1425cbec013) Importer(815301076,1909f56bfc062723c751e8b465ee728b)
Start importing Assets/Tilemaps/Hexagonal/Sprites/hex-sliced_84.png using Guid(5f13dedd4f042a845b24c1425cbec013) Importer(815301076,1909f56bfc062723c751e8b465ee728b)  -> (artifact id: '70a46a586e9092f11bb7fd9f806d901a') in 0.060654 seconds 
========================================================================
Received Import Request.
  Time since last request: 0.000023 seconds.
  path: Assets/Tilemaps/Hexagonal/Sprites/hex-sliced_97.png
  artifactKey: Guid(99872dae8a07b1845aaae2f1166b6e56) Importer(815301076,1909f56bfc062723c751e8b465ee728b)
Start importing Assets/Tilemaps/Hexagonal/Sprites/hex-sliced_97.png using Guid(99872dae8a07b1845aaae2f1166b6e56) Importer(815301076,1909f56bfc062723c751e8b465ee728b)  -> (artifact id: 'd832c38dd8447dfe59c894959c9acabb') in 0.026691 seconds 
========================================================================
Received Import Request.
  Time since last request: 0.000034 seconds.
  path: Assets/Tilemaps/Hexagonal/Sprites/hex-sliced_78.png
  artifactKey: Guid(bf2e77be3ae8e12468a9a99de7247bdb) Importer(815301076,1909f56bfc062723c751e8b465ee728b)
Start importing Assets/Tilemaps/Hexagonal/Sprites/hex-sliced_78.png using Guid(bf2e77be3ae8e12468a9a99de7247bdb) Importer(815301076,1909f56bfc062723c751e8b465ee728b)  -> (artifact id: 'c18295ffbb572b1d02589dca0fe6f23d') in 0.023838 seconds 
========================================================================
Received Import Request.
  Time since last request: 0.000021 seconds.
  path: Assets/Tilemaps/Hexagonal/Sprites/hex-sliced_98.png
  artifactKey: Guid(f0c9f815e36a340478737a8cd780540a) Importer(815301076,1909f56bfc062723c751e8b465ee728b)
Start importing Assets/Tilemaps/Hexagonal/Sprites/hex-sliced_98.png using Guid(f0c9f815e36a340478737a8cd780540a) Importer(815301076,1909f56bfc062723c751e8b465ee728b)  -> (artifact id: '12d2909f001fbb8b37443be88bbb426e') in 0.035201 seconds 
========================================================================
Received Import Request.
  Time since last request: 0.000018 seconds.
  path: Assets/Tilemaps/Hexagonal/Sprites/hex-sliced_82.png
  artifactKey: Guid(6a0d04ed881a5d241a961caefd8e109c) Importer(815301076,1909f56bfc062723c751e8b465ee728b)
Start importing Assets/Tilemaps/Hexagonal/Sprites/hex-sliced_82.png using Guid(6a0d04ed881a5d241a961caefd8e109c) Importer(815301076,1909f56bfc062723c751e8b465ee728b)  -> (artifact id: '2c6eefb6614c1d34420871336f7eb6ae') in 0.041549 seconds 
========================================================================
Received Import Request.
  Time since last request: 0.000023 seconds.
  path: Assets/Tilemaps/Hexagonal/Sprites/hex-sliced_89.png
  artifactKey: Guid(8a1b1de13fadc0245abc251a1e8fa5d3) Importer(815301076,1909f56bfc062723c751e8b465ee728b)
Start importing Assets/Tilemaps/Hexagonal/Sprites/hex-sliced_89.png using Guid(8a1b1de13fadc0245abc251a1e8fa5d3) Importer(815301076,1909f56bfc062723c751e8b465ee728b)  -> (artifact id: 'bd7d42f2dd4cac2b383475800533962b') in 0.022912 seconds 
========================================================================
Received Import Request.
  Time since last request: 0.000028 seconds.
  path: Assets/Tilemaps/Hexagonal/Sprites/hex-sliced_96.png
  artifactKey: Guid(43fc633dedfc7bc46a60831521859131) Importer(815301076,1909f56bfc062723c751e8b465ee728b)
Start importing Assets/Tilemaps/Hexagonal/Sprites/hex-sliced_96.png using Guid(43fc633dedfc7bc46a60831521859131) Importer(815301076,1909f56bfc062723c751e8b465ee728b)  -> (artifact id: '36afe5289db2758cdbb4cecf8fd7dc22') in 0.050204 seconds 
========================================================================
Received Import Request.
  Time since last request: 0.000019 seconds.
  path: Assets/Tilemaps/Hexagonal/Sprites/hex-sliced_105.png
  artifactKey: Guid(6cd881b9e38e94e4d97844abf2cd8b09) Importer(815301076,1909f56bfc062723c751e8b465ee728b)
Start importing Assets/Tilemaps/Hexagonal/Sprites/hex-sliced_105.png using Guid(6cd881b9e38e94e4d97844abf2cd8b09) Importer(815301076,1909f56bfc062723c751e8b465ee728b)  -> (artifact id: '3925e2b904b5faeb7be42321e0f3c6e1') in 0.054841 seconds 
========================================================================
Received Import Request.
  Time since last request: 0.000035 seconds.
  path: Assets/Tilemaps/Hexagonal/Sprites/hex-sliced_104.png
  artifactKey: Guid(8ea727c3a77f5664585e50bc6f540bee) Importer(815301076,1909f56bfc062723c751e8b465ee728b)
Start importing Assets/Tilemaps/Hexagonal/Sprites/hex-sliced_104.png using Guid(8ea727c3a77f5664585e50bc6f540bee) Importer(815301076,1909f56bfc062723c751e8b465ee728b)  -> (artifact id: '3f8615246e8642e9432c627dcf2ee696') in 0.022064 seconds 
Editor requested this worker to shutdown with reason: Scaling down because of idle timeout
AssetImportWorker is now disconnected from the server
Process exiting
Exiting without the bug reporter. Application will terminate with return code 0