Using pre-set license
Built from '2021.3/release' branch; Version is '2021.3.28f1 (232e59c3f087) revision 2305625'; Using compiler version '192829333'; Build Type 'Release'
OS: 'Windows 10  (10.0.19045) 64bit Professional' Language: 'en' Physical Memory: 16280 MB
BatchMode: 1, IsHumanControllingUs: 0, StartBugReporterOnCrash: 0, Is64bit: 1, IsPro: 1

COMMAND LINE ARGUMENTS:
C:\Program Files\Unity\Hub\Editor\2021.3.28f1\Editor\Unity.exe
-adb2
-batchMode
-noUpm
-name
AssetImportWorker5
-projectPath
D:/Github/TestWorkVarisoft
-logFile
Logs/AssetImportWorker5.log
-srvPort
55507
Successfully changed project path to: D:/Github/TestWorkVarisoft
D:/Github/TestWorkVarisoft
[UnityMemory] Configuration Parameters - Can be set up in boot.config
    "memorysetup-bucket-allocator-granularity=16"
    "memorysetup-bucket-allocator-bucket-count=8"
    "memorysetup-bucket-allocator-block-size=33554432"
    "memorysetup-bucket-allocator-block-count=8"
    "memorysetup-main-allocator-block-size=16777216"
    "memorysetup-thread-allocator-block-size=16777216"
    "memorysetup-gfx-main-allocator-block-size=16777216"
    "memorysetup-gfx-thread-allocator-block-size=16777216"
    "memorysetup-cache-allocator-block-size=4194304"
    "memorysetup-typetree-allocator-block-size=2097152"
    "memorysetup-profiler-bucket-allocator-granularity=16"
    "memorysetup-profiler-bucket-allocator-bucket-count=8"
    "memorysetup-profiler-bucket-allocator-block-size=33554432"
    "memorysetup-profiler-bucket-allocator-block-count=8"
    "memorysetup-profiler-allocator-block-size=16777216"
    "memorysetup-profiler-editor-allocator-block-size=1048576"
    "memorysetup-temp-allocator-size-main=16777216"
    "memorysetup-job-temp-allocator-block-size=2097152"
    "memorysetup-job-temp-allocator-block-size-background=1048576"
    "memorysetup-job-temp-allocator-reduction-small-platforms=262144"
    "memorysetup-temp-allocator-size-background-worker=32768"
    "memorysetup-temp-allocator-size-job-worker=262144"
    "memorysetup-temp-allocator-size-preload-manager=33554432"
    "memorysetup-temp-allocator-size-nav-mesh-worker=65536"
    "memorysetup-temp-allocator-size-audio-worker=65536"
    "memorysetup-temp-allocator-size-cloud-worker=32768"
    "memorysetup-temp-allocator-size-gi-baking-worker=262144"
    "memorysetup-temp-allocator-size-gfx=262144"
Player connection [26720] Host "[IP] 192.168.1.103 [Port] 0 [Flags] 2 [Guid] 1466867154 [EditorId] 1466867154 [Version] 1048832 [Id] WindowsEditor(7,DESKTOP-87JQGIK) [Debug] 1 [PackageName] WindowsEditor [ProjectName] Editor" joined multi-casting on [225.0.0.222:54997]...

Player connection [26720] Host "[IP] 192.168.1.103 [Port] 0 [Flags] 2 [Guid] 1466867154 [EditorId] 1466867154 [Version] 1048832 [Id] WindowsEditor(7,DESKTOP-87JQGIK) [Debug] 1 [PackageName] WindowsEditor [ProjectName] Editor" joined alternative multi-casting on [225.0.0.222:34997]...

Refreshing native plugins compatible for Editor in 151.81 ms, found 2 plugins.
Preloading 0 native plugins for Editor in 0.00 ms.
Initialize engine version: 2021.3.28f1 (232e59c3f087)
[Subsystems] Discovering subsystems at path C:/Program Files/Unity/Hub/Editor/2021.3.28f1/Editor/Data/Resources/UnitySubsystems
[Subsystems] Discovering subsystems at path D:/Github/TestWorkVarisoft/Assets
GfxDevice: creating device client; threaded=0; jobified=0
Direct3D:
    Version:  Direct3D 11.0 [level 11.1]
    Renderer: NVIDIA GeForce GTX 1050 Ti (ID=0x1c82)
    Vendor:   NVIDIA
    VRAM:     4017 MB
    Driver:   31.0.15.3623
Initialize mono
Mono path[0] = 'C:/Program Files/Unity/Hub/Editor/2021.3.28f1/Editor/Data/Managed'
Mono path[1] = 'C:/Program Files/Unity/Hub/Editor/2021.3.28f1/Editor/Data/MonoBleedingEdge/lib/mono/unityjit-win32'
Mono config path = 'C:/Program Files/Unity/Hub/Editor/2021.3.28f1/Editor/Data/MonoBleedingEdge/etc'
Using monoOptions --debugger-agent=transport=dt_socket,embedding=1,server=y,suspend=n,address=127.0.0.1:56036
Begin MonoManager ReloadAssembly
Registering precompiled unity dll's ...
Register platform support module: C:/Program Files/Unity/Hub/Editor/2021.3.28f1/Editor/Data/PlaybackEngines/AndroidPlayer/UnityEditor.Android.Extensions.dll
Register platform support module: C:/Program Files/Unity/Hub/Editor/2021.3.28f1/Editor/Data/PlaybackEngines/WindowsStandaloneSupport/UnityEditor.WindowsStandalone.Extensions.dll
Registered in 0.007723 seconds.
Native extension for WindowsStandalone target not found
Native extension for Android target not found
Android Extension - Scanning For ADB Devices 228 ms
Refreshing native plugins compatible for Editor in 77.41 ms, found 2 plugins.
Preloading 0 native plugins for Editor in 0.00 ms.
Mono: successfully reloaded assembly
- Completed reload, in  0.892 seconds
Domain Reload Profiling:
	ReloadAssembly (893ms)
		BeginReloadAssembly (81ms)
			ExecutionOrderSort (0ms)
			DisableScriptedObjects (0ms)
			BackupInstance (0ms)
			ReleaseScriptingObjects (0ms)
			CreateAndSetChildDomain (1ms)
		EndReloadAssembly (704ms)
			LoadAssemblies (79ms)
			RebuildTransferFunctionScriptingTraits (0ms)
			SetupTypeCache (107ms)
			ReleaseScriptCaches (0ms)
			RebuildScriptCaches (27ms)
			SetupLoadedEditorAssemblies (519ms)
				LogAssemblyErrors (0ms)
				InitializePlatformSupportModulesInManaged (316ms)
				SetLoadedEditorAssemblies (0ms)
				RefreshPlugins (77ms)
				BeforeProcessingInitializeOnLoad (1ms)
				ProcessInitializeOnLoadAttributes (82ms)
				ProcessInitializeOnLoadMethodAttributes (41ms)
				AfterProcessingInitializeOnLoad (0ms)
				EditorAssembliesLoaded (0ms)
			ExecutionOrderSort2 (0ms)
			AwakeInstancesAfterBackupRestoration (0ms)
Platform modules already initialized, skipping
Registering precompiled user dll's ...
Registered in 0.005367 seconds.
Begin MonoManager ReloadAssembly
Symbol file LoadedFromMemory is not a mono symbol file
Native extension for WindowsStandalone target not found
Native extension for Android target not found
Refreshing native plugins compatible for Editor in 85.17 ms, found 2 plugins.
Preloading 0 native plugins for Editor in 0.00 ms.
Mono: successfully reloaded assembly
- Completed reload, in  1.502 seconds
Domain Reload Profiling:
	ReloadAssembly (1503ms)
		BeginReloadAssembly (117ms)
			ExecutionOrderSort (0ms)
			DisableScriptedObjects (6ms)
			BackupInstance (0ms)
			ReleaseScriptingObjects (0ms)
			CreateAndSetChildDomain (18ms)
		EndReloadAssembly (1278ms)
			LoadAssemblies (98ms)
			RebuildTransferFunctionScriptingTraits (0ms)
			SetupTypeCache (272ms)
			ReleaseScriptCaches (1ms)
			RebuildScriptCaches (68ms)
			SetupLoadedEditorAssemblies (799ms)
				LogAssemblyErrors (0ms)
				InitializePlatformSupportModulesInManaged (22ms)
				SetLoadedEditorAssemblies (0ms)
				RefreshPlugins (85ms)
				BeforeProcessingInitializeOnLoad (109ms)
				ProcessInitializeOnLoadAttributes (416ms)
				ProcessInitializeOnLoadMethodAttributes (158ms)
				AfterProcessingInitializeOnLoad (8ms)
				EditorAssembliesLoaded (0ms)
			ExecutionOrderSort2 (0ms)
			AwakeInstancesAfterBackupRestoration (5ms)
Platform modules already initialized, skipping
========================================================================
Worker process is ready to serve import requests
Launched and connected shader compiler UnityShaderCompiler.exe after 0.06 seconds
Refreshing native plugins compatible for Editor in 0.99 ms, found 2 plugins.
Preloading 0 native plugins for Editor in 0.00 ms.
Unloading 4594 Unused Serialized files (Serialized files now loaded: 0)
Unloading 60 unused Assets / (335.8 KB). Loaded Objects now: 5039.
Memory consumption went from 200.4 MB to 200.0 MB.
Total: 6.477900 ms (FindLiveObjects: 0.340400 ms CreateObjectMapping: 0.253800 ms MarkObjects: 5.749800 ms  DeleteObjects: 0.133200 ms)

AssetImportParameters requested are different than current active one (requested -> active):
  custom:video-decoder-ogg-theora: a1e56fd34408186e4bbccfd4996cb3dc -> 
  custom:container-muxer-webm: aa71ff27fc2769a1b78a27578f13a17b -> 
  custom:container-demuxer-webm: 4f35f7cbe854078d1ac9338744f61a02 -> 
  custom:video-encoder-webm-vp8: eb34c28f22e8b96e1ab97ce403110664 -> 
  custom:CustomObjectIndexerAttribute: 6b0e35c9178b02a6363f3721b7b8e397 -> 
  custom:audio-encoder-webm-vorbis: bf7c407c2cedff20999df2af8eb42d56 -> 
  custom:framework-win-MediaFoundation: 216162199b28c13a410421893ffa2e32 -> 
  custom:container-demuxer-ogg: 62fdf1f143b41e24485cea50d1cbac27 -> 
  custom:video-decoder-webm-vp8: 9c59270c3fd7afecdb556c50c9e8de78 -> 
  custom:audio-decoder-ogg-vorbis: bf7c407c2cedff20999df2af8eb42d56 -> 
========================================================================
Received Import Request.
  Time since last request: 47622.898665 seconds.
  path: Assets/Clean Vector Icons/T_7_question_.png
  artifactKey: Guid(cca9ca156bf61e445b872555e11ba23e) Importer(815301076,1909f56bfc062723c751e8b465ee728b)
Start importing Assets/Clean Vector Icons/T_7_question_.png using Guid(cca9ca156bf61e445b872555e11ba23e) Importer(815301076,1909f56bfc062723c751e8b465ee728b)  -> (artifact id: '1e030adfd59674f64d49cf23a5c58279') in 0.034827 seconds 
========================================================================
Received Import Request.
  Time since last request: 0.000026 seconds.
  path: Assets/Clean Vector Icons/T_8_staff_.png
  artifactKey: Guid(798a0192e5e2a1c45a1f6786703af909) Importer(815301076,1909f56bfc062723c751e8b465ee728b)
Start importing Assets/Clean Vector Icons/T_8_staff_.png using Guid(798a0192e5e2a1c45a1f6786703af909) Importer(815301076,1909f56bfc062723c751e8b465ee728b)  -> (artifact id: 'bd516be9eb06f9e836d4e0bdb9d04b1d') in 0.007602 seconds 
========================================================================
Received Import Request.
  Time since last request: 0.000027 seconds.
  path: Assets/Clean Vector Icons/T_8_pause_.png
  artifactKey: Guid(a1bda28f797f71c4db09f6a0d4af4759) Importer(815301076,1909f56bfc062723c751e8b465ee728b)
Start importing Assets/Clean Vector Icons/T_8_pause_.png using Guid(a1bda28f797f71c4db09f6a0d4af4759) Importer(815301076,1909f56bfc062723c751e8b465ee728b)  -> (artifact id: '1a2c28620e16091c1a53a35f6ac575cb') in 0.007148 seconds 
========================================================================
Received Import Request.
  Time since last request: 1.740266 seconds.
  path: Assets/Tilemaps/Isometric/Tiles/Desert/desert-sliced_07.asset
  artifactKey: Guid(530aa099211353e43ba646ce8d30abd3) Importer(815301076,1909f56bfc062723c751e8b465ee728b)
Start importing Assets/Tilemaps/Isometric/Tiles/Desert/desert-sliced_07.asset using Guid(530aa099211353e43ba646ce8d30abd3) Importer(815301076,1909f56bfc062723c751e8b465ee728b)  -> (artifact id: '419d3ad8b8dafbad93f234d73adf390d') in 0.103503 seconds 
========================================================================
Received Import Request.
  Time since last request: 0.000017 seconds.
  path: Assets/Tilemaps/Isometric/Tiles/Desert/desert-sliced_12.asset
  artifactKey: Guid(7a9ed0fc158725b429c1db53ce76eb0c) Importer(815301076,1909f56bfc062723c751e8b465ee728b)
Start importing Assets/Tilemaps/Isometric/Tiles/Desert/desert-sliced_12.asset using Guid(7a9ed0fc158725b429c1db53ce76eb0c) Importer(815301076,1909f56bfc062723c751e8b465ee728b)  -> (artifact id: 'b5e0d43265e19b73d976a504fe23d819') in 0.085830 seconds 
========================================================================
Received Import Request.
  Time since last request: 0.000028 seconds.
  path: Assets/Tilemaps/Isometric/Sprites/Desert/Flat/desert-sliced_15.png
  artifactKey: Guid(af36a1c3520033f45bb676d6390ee189) Importer(815301076,1909f56bfc062723c751e8b465ee728b)
Start importing Assets/Tilemaps/Isometric/Sprites/Desert/Flat/desert-sliced_15.png using Guid(af36a1c3520033f45bb676d6390ee189) Importer(815301076,1909f56bfc062723c751e8b465ee728b)  -> (artifact id: 'a1968a31f713a62fa117a0670cfb950f') in 0.032334 seconds 
========================================================================
Received Import Request.
  Time since last request: 0.000018 seconds.
  path: Assets/Tilemaps/Isometric/Sprites/Desert/Flat/desert-sliced_11.png
  artifactKey: Guid(b6fb49f494cd49f46b69a5ab5c8649fa) Importer(815301076,1909f56bfc062723c751e8b465ee728b)
Start importing Assets/Tilemaps/Isometric/Sprites/Desert/Flat/desert-sliced_11.png using Guid(b6fb49f494cd49f46b69a5ab5c8649fa) Importer(815301076,1909f56bfc062723c751e8b465ee728b)  -> (artifact id: 'f28c4dbb2fe8b7c81b195b58aacbf859') in 0.002665 seconds 
========================================================================
Received Import Request.
  Time since last request: 0.000018 seconds.
  path: Assets/Tilemaps/Isometric/Tiles/Desert/desert-sliced_15.asset
  artifactKey: Guid(8af9f9a3e3c8a4544813ccf134c6081f) Importer(815301076,1909f56bfc062723c751e8b465ee728b)
Start importing Assets/Tilemaps/Isometric/Tiles/Desert/desert-sliced_15.asset using Guid(8af9f9a3e3c8a4544813ccf134c6081f) Importer(815301076,1909f56bfc062723c751e8b465ee728b)  -> (artifact id: 'b1bec9bf8ead572b41b0d9e8a76c45fb') in 0.006926 seconds 
========================================================================
Received Import Request.
  Time since last request: 0.000017 seconds.
  path: Assets/Tilemaps/Isometric/Tiles/Desert/desert-sliced_13.asset
  artifactKey: Guid(efb3570886f21a5428c0bc532bfd16b2) Importer(815301076,1909f56bfc062723c751e8b465ee728b)
Start importing Assets/Tilemaps/Isometric/Tiles/Desert/desert-sliced_13.asset using Guid(efb3570886f21a5428c0bc532bfd16b2) Importer(815301076,1909f56bfc062723c751e8b465ee728b)  -> (artifact id: 'f4219014d58fb1634dbceebf3988b121') in 0.006980 seconds 
========================================================================
Received Import Request.
  Time since last request: 0.374181 seconds.
  path: Assets/Tilemaps/Isometric/Palettes/Palette_Biome_Plains.prefab
  artifactKey: Guid(f6ec7647b4504b540a4e817d106ddf2f) Importer(815301076,1909f56bfc062723c751e8b465ee728b)
Start importing Assets/Tilemaps/Isometric/Palettes/Palette_Biome_Plains.prefab using Guid(f6ec7647b4504b540a4e817d106ddf2f) Importer(815301076,1909f56bfc062723c751e8b465ee728b)  -> (artifact id: '52fd683e657ebdd13ac83b065e16fae6') in 0.057834 seconds 
========================================================================
Received Import Request.
  Time since last request: 0.000018 seconds.
  path: Assets/Tilemaps/Isometric/Palettes/Palette_RuleTiles_Neighbours.prefab
  artifactKey: Guid(fd2bc651d64472943b57917943f1661a) Importer(815301076,1909f56bfc062723c751e8b465ee728b)
Start importing Assets/Tilemaps/Isometric/Palettes/Palette_RuleTiles_Neighbours.prefab using Guid(fd2bc651d64472943b57917943f1661a) Importer(815301076,1909f56bfc062723c751e8b465ee728b)  -> (artifact id: '8ba2f28be6f721c65d40eb04af458797') in 0.097133 seconds 
========================================================================
Received Import Request.
  Time since last request: 6.200092 seconds.
  path: Assets/Clean Vector Icons/Update/bonus_03.png
  artifactKey: Guid(8313108d2f2f39c49a04679f5f2da2a5) Importer(815301076,1909f56bfc062723c751e8b465ee728b)
Start importing Assets/Clean Vector Icons/Update/bonus_03.png using Guid(8313108d2f2f39c49a04679f5f2da2a5) Importer(815301076,1909f56bfc062723c751e8b465ee728b)  -> (artifact id: '268f3f9b808e36cbb4c62df2833c2f0d') in 0.007325 seconds 
========================================================================
Received Import Request.
  Time since last request: 0.000020 seconds.
  path: Assets/Clean Vector Icons/Update/Bonus_Yell.png
  artifactKey: Guid(322058629e47df340a9cfbe5daf6c21a) Importer(815301076,1909f56bfc062723c751e8b465ee728b)
Start importing Assets/Clean Vector Icons/Update/Bonus_Yell.png using Guid(322058629e47df340a9cfbe5daf6c21a) Importer(815301076,1909f56bfc062723c751e8b465ee728b)  -> (artifact id: 'a932c43112686f731dbcf4c7660c2734') in 0.008899 seconds 
========================================================================
Received Import Request.
  Time since last request: 0.000019 seconds.
  path: Assets/Clean Vector Icons/Update/Bonus_Sneezing.png
  artifactKey: Guid(72ec55939a589894eaf624298fd9f858) Importer(815301076,1909f56bfc062723c751e8b465ee728b)
Start importing Assets/Clean Vector Icons/Update/Bonus_Sneezing.png using Guid(72ec55939a589894eaf624298fd9f858) Importer(815301076,1909f56bfc062723c751e8b465ee728b)  -> (artifact id: 'd3e81793d721efe682ff02170d254ea0') in 0.007408 seconds 
========================================================================
Received Import Request.
  Time since last request: 0.000022 seconds.
  path: Assets/Clean Vector Icons/Update/bonus_06.png
  artifactKey: Guid(0f3ba1ed6373fec4bbd0490fb756f318) Importer(815301076,1909f56bfc062723c751e8b465ee728b)
Start importing Assets/Clean Vector Icons/Update/bonus_06.png using Guid(0f3ba1ed6373fec4bbd0490fb756f318) Importer(815301076,1909f56bfc062723c751e8b465ee728b)  -> (artifact id: 'ee4a22f5f1ec27bf267945e4cd5d0a89') in 0.007775 seconds 
========================================================================
Received Import Request.
  Time since last request: 0.000034 seconds.
  path: Assets/Clean Vector Icons/Update/bonus_07.png
  artifactKey: Guid(ad6931e623929ad47ab9daa61454e000) Importer(815301076,1909f56bfc062723c751e8b465ee728b)
Start importing Assets/Clean Vector Icons/Update/bonus_07.png using Guid(ad6931e623929ad47ab9daa61454e000) Importer(815301076,1909f56bfc062723c751e8b465ee728b)  -> (artifact id: 'ce7589a2e92b078f461c9a288de9cd26') in 0.018473 seconds 
========================================================================
Received Import Request.
  Time since last request: 12.984808 seconds.
  path: Assets/Clean Vector Icons/T_9_bottle_eye_.png
  artifactKey: Guid(4c8c3cce53210f54cacb61dbe4ed20f4) Importer(815301076,1909f56bfc062723c751e8b465ee728b)
Start importing Assets/Clean Vector Icons/T_9_bottle_eye_.png using Guid(4c8c3cce53210f54cacb61dbe4ed20f4) Importer(815301076,1909f56bfc062723c751e8b465ee728b)  -> (artifact id: '48cac6f5486545f073f9e160e71b4262') in 0.007379 seconds 
========================================================================
Received Import Request.
  Time since last request: 0.000022 seconds.
  path: Assets/Clean Vector Icons/T_9_flag_.png
  artifactKey: Guid(57a57e5de7a11a945a125ef4383fe3e1) Importer(815301076,1909f56bfc062723c751e8b465ee728b)
Start importing Assets/Clean Vector Icons/T_9_flag_.png using Guid(57a57e5de7a11a945a125ef4383fe3e1) Importer(815301076,1909f56bfc062723c751e8b465ee728b)  -> (artifact id: 'd51a10b990fd153963fca4e50ebd9cdc') in 0.006908 seconds 
========================================================================
Received Import Request.
  Time since last request: 0.000020 seconds.
  path: Assets/Clean Vector Icons/T_9_kunai_.png
  artifactKey: Guid(9b0be4ef9a8e4b34eaa96ebc919f52a0) Importer(815301076,1909f56bfc062723c751e8b465ee728b)
Start importing Assets/Clean Vector Icons/T_9_kunai_.png using Guid(9b0be4ef9a8e4b34eaa96ebc919f52a0) Importer(815301076,1909f56bfc062723c751e8b465ee728b)  -> (artifact id: '591c2517a487dd4d8d1935293c96f881') in 0.006617 seconds 
========================================================================
Received Import Request.
  Time since last request: 0.080003 seconds.
  path: Assets/Clean Vector Icons/T_9_silhouette_+_.png
  artifactKey: Guid(5639e7536f629884f907d06a418a7da6) Importer(815301076,1909f56bfc062723c751e8b465ee728b)
Start importing Assets/Clean Vector Icons/T_9_silhouette_+_.png using Guid(5639e7536f629884f907d06a418a7da6) Importer(815301076,1909f56bfc062723c751e8b465ee728b)  -> (artifact id: 'dbddfa0981854eb9cd8ff0780e5c264e') in 0.007401 seconds 
========================================================================
Received Import Request.
  Time since last request: 0.000016 seconds.
  path: Assets/Clean Vector Icons/T_10_hammer_.png
  artifactKey: Guid(7dfd68325eeac354d866d207e4d2744c) Importer(815301076,1909f56bfc062723c751e8b465ee728b)
Start importing Assets/Clean Vector Icons/T_10_hammer_.png using Guid(7dfd68325eeac354d866d207e4d2744c) Importer(815301076,1909f56bfc062723c751e8b465ee728b)  -> (artifact id: '0169b7369522da0086d583f12c0ed295') in 0.006958 seconds 
========================================================================
Received Import Request.
  Time since last request: 0.000014 seconds.
  path: Assets/Clean Vector Icons/T_10_!_.png
  artifactKey: Guid(3e382c1295a11054dacdc58d5933d206) Importer(815301076,1909f56bfc062723c751e8b465ee728b)
Start importing Assets/Clean Vector Icons/T_10_!_.png using Guid(3e382c1295a11054dacdc58d5933d206) Importer(815301076,1909f56bfc062723c751e8b465ee728b)  -> (artifact id: '1b8229d39dbddf51d8e13e985eee6d08') in 0.007131 seconds 
========================================================================
Received Import Request.
  Time since last request: 0.000016 seconds.
  path: Assets/Clean Vector Icons/T_11_arrow_rounded_left_.png
  artifactKey: Guid(c342a02c1ec59764ab8c5f2892c2928b) Importer(815301076,1909f56bfc062723c751e8b465ee728b)
Start importing Assets/Clean Vector Icons/T_11_arrow_rounded_left_.png using Guid(c342a02c1ec59764ab8c5f2892c2928b) Importer(815301076,1909f56bfc062723c751e8b465ee728b)  -> (artifact id: 'b6b7a2c88f3dee4601d36a83d03b9610') in 0.007972 seconds 
========================================================================
Received Import Request.
  Time since last request: 0.000025 seconds.
  path: Assets/Clean Vector Icons/T_11_home_.png
  artifactKey: Guid(825217937f322d7478e479dbe4637748) Importer(815301076,1909f56bfc062723c751e8b465ee728b)
Start importing Assets/Clean Vector Icons/T_11_home_.png using Guid(825217937f322d7478e479dbe4637748) Importer(815301076,1909f56bfc062723c751e8b465ee728b)  -> (artifact id: '3d3252c4d7a516925bf89d48afc46b7b') in 0.007551 seconds 
========================================================================
Received Import Request.
  Time since last request: 0.000022 seconds.
  path: Assets/Clean Vector Icons/T_11_star_.png
  artifactKey: Guid(bef29bce6ed719f4a946d25ac181f8bd) Importer(815301076,1909f56bfc062723c751e8b465ee728b)
Start importing Assets/Clean Vector Icons/T_11_star_.png using Guid(bef29bce6ed719f4a946d25ac181f8bd) Importer(815301076,1909f56bfc062723c751e8b465ee728b)  -> (artifact id: '74149baf0c8fea19a867f2a3483533bf') in 0.009147 seconds 
========================================================================
Received Import Request.
  Time since last request: 0.000022 seconds.
  path: Assets/Clean Vector Icons/T_12_cursor_arrow_up_al_.png
  artifactKey: Guid(038a1aff6e6b8f04a8ca8e29722edf4f) Importer(815301076,1909f56bfc062723c751e8b465ee728b)
Start importing Assets/Clean Vector Icons/T_12_cursor_arrow_up_al_.png using Guid(038a1aff6e6b8f04a8ca8e29722edf4f) Importer(815301076,1909f56bfc062723c751e8b465ee728b)  -> (artifact id: 'b1d81ba053d06cbe072efb813526ad10') in 0.009790 seconds 
========================================================================
Received Import Request.
  Time since last request: 0.000026 seconds.
  path: Assets/Clean Vector Icons/T_10_rain_cloud_.png
  artifactKey: Guid(bdbbd192cba22224396018366d28f41e) Importer(815301076,1909f56bfc062723c751e8b465ee728b)
Start importing Assets/Clean Vector Icons/T_10_rain_cloud_.png using Guid(bdbbd192cba22224396018366d28f41e) Importer(815301076,1909f56bfc062723c751e8b465ee728b)  -> (artifact id: 'd4bfdf836bd459378e1b58305d5bda7f') in 0.008433 seconds 
========================================================================
Received Import Request.
  Time since last request: 0.000023 seconds.
  path: Assets/Clean Vector Icons/T_12_arrow_up_.png
  artifactKey: Guid(1e7f9fb99b91974448556c2de2bbd72d) Importer(815301076,1909f56bfc062723c751e8b465ee728b)
Start importing Assets/Clean Vector Icons/T_12_arrow_up_.png using Guid(1e7f9fb99b91974448556c2de2bbd72d) Importer(815301076,1909f56bfc062723c751e8b465ee728b)  -> (artifact id: 'c06569e20c847d161e947f5022152397') in 0.009042 seconds 
========================================================================
Received Import Request.
  Time since last request: 0.000023 seconds.
  path: Assets/Clean Vector Icons/T_12_spit_.png
  artifactKey: Guid(2c4df9274f4db1f4eb7118e0b06c4554) Importer(815301076,1909f56bfc062723c751e8b465ee728b)
Start importing Assets/Clean Vector Icons/T_12_spit_.png using Guid(2c4df9274f4db1f4eb7118e0b06c4554) Importer(815301076,1909f56bfc062723c751e8b465ee728b)  -> (artifact id: '4d7e6005fe60c4d29b262ecb82d313ab') in 0.007625 seconds 
========================================================================
Received Import Request.
  Time since last request: 0.090501 seconds.
  path: Assets/Clean Vector Icons/T_15_list_.png
  artifactKey: Guid(32a4f33563139ce4da97630a9d7a3722) Importer(815301076,1909f56bfc062723c751e8b465ee728b)
Start importing Assets/Clean Vector Icons/T_15_list_.png using Guid(32a4f33563139ce4da97630a9d7a3722) Importer(815301076,1909f56bfc062723c751e8b465ee728b)  -> (artifact id: '77a7b9bf49ab7bf40cf3ec4f115f570f') in 0.009391 seconds 
========================================================================
Received Import Request.
  Time since last request: 0.000018 seconds.
  path: Assets/Clean Vector Icons/T_20_medal_third_.png
  artifactKey: Guid(da0383a1e92f2c848be282995c8cbe71) Importer(815301076,1909f56bfc062723c751e8b465ee728b)
Start importing Assets/Clean Vector Icons/T_20_medal_third_.png using Guid(da0383a1e92f2c848be282995c8cbe71) Importer(815301076,1909f56bfc062723c751e8b465ee728b)  -> (artifact id: '69d0014a897388dbd15c3811a613677e') in 0.009112 seconds 
========================================================================
Received Import Request.
  Time since last request: 0.000024 seconds.
  path: Assets/Clean Vector Icons/T_22_doorlock_open_.png
  artifactKey: Guid(c6c47a3be151e3a49b453e77e8c8ad08) Importer(815301076,1909f56bfc062723c751e8b465ee728b)
Start importing Assets/Clean Vector Icons/T_22_doorlock_open_.png using Guid(c6c47a3be151e3a49b453e77e8c8ad08) Importer(815301076,1909f56bfc062723c751e8b465ee728b)  -> (artifact id: '6bd40de345dd7d2ca2798cc1934f9937') in 0.009023 seconds 
========================================================================
Received Import Request.
  Time since last request: 0.000028 seconds.
  path: Assets/Clean Vector Icons/T_28_bread_.png
  artifactKey: Guid(b915a7ee8a2712a43a9ed2e24541c454) Importer(815301076,1909f56bfc062723c751e8b465ee728b)
Start importing Assets/Clean Vector Icons/T_28_bread_.png using Guid(b915a7ee8a2712a43a9ed2e24541c454) Importer(815301076,1909f56bfc062723c751e8b465ee728b)  -> (artifact id: '83dc8dcc172e35daa77263430678ceb4') in 0.008805 seconds 
========================================================================
Received Import Request.
  Time since last request: 0.000029 seconds.
  path: Assets/Clean Vector Icons/T_16_message_.png
  artifactKey: Guid(cb7ca257a8138af498d6bd8fe71bbbf5) Importer(815301076,1909f56bfc062723c751e8b465ee728b)
Start importing Assets/Clean Vector Icons/T_16_message_.png using Guid(cb7ca257a8138af498d6bd8fe71bbbf5) Importer(815301076,1909f56bfc062723c751e8b465ee728b)  -> (artifact id: '26c5e5923d87408827670b445764f80c') in 0.010327 seconds 
========================================================================
Received Import Request.
  Time since last request: 0.000023 seconds.
  path: Assets/Clean Vector Icons/T_18_medal_first_.png
  artifactKey: Guid(8c6c5cadf2600cc43b004355565fb20c) Importer(815301076,1909f56bfc062723c751e8b465ee728b)
Start importing Assets/Clean Vector Icons/T_18_medal_first_.png using Guid(8c6c5cadf2600cc43b004355565fb20c) Importer(815301076,1909f56bfc062723c751e8b465ee728b)  -> (artifact id: 'e3debdab3490e86f527064c30dbd7ccc') in 0.009165 seconds 
Editor requested this worker to shutdown with reason: Scaling down because of idle timeout
AssetImportWorker is now disconnected from the server
Process exiting
Exiting without the bug reporter. Application will terminate with return code 0