Using pre-set license
Built from '2021.3/release' branch; Version is '2021.3.28f1 (232e59c3f087) revision 2305625'; Using compiler version '192829333'; Build Type 'Release'
OS: 'Windows 10  (10.0.19045) 64bit Professional' Language: 'en' Physical Memory: 16280 MB
BatchMode: 1, IsHumanControllingUs: 0, StartBugReporterOnCrash: 0, Is64bit: 1, IsPro: 1

COMMAND LINE ARGUMENTS:
C:\Program Files\Unity\Hub\Editor\2021.3.28f1\Editor\Unity.exe
-adb2
-batchMode
-noUpm
-name
AssetImportWorker4
-projectPath
D:/Github/TestWorkVarisoft
-logFile
Logs/AssetImportWorker4.log
-srvPort
60203
Successfully changed project path to: D:/Github/TestWorkVarisoft
D:/Github/TestWorkVarisoft
[UnityMemory] Configuration Parameters - Can be set up in boot.config
    "memorysetup-bucket-allocator-granularity=16"
    "memorysetup-bucket-allocator-bucket-count=8"
    "memorysetup-bucket-allocator-block-size=33554432"
    "memorysetup-bucket-allocator-block-count=8"
    "memorysetup-main-allocator-block-size=16777216"
    "memorysetup-thread-allocator-block-size=16777216"
    "memorysetup-gfx-main-allocator-block-size=16777216"
    "memorysetup-gfx-thread-allocator-block-size=16777216"
    "memorysetup-cache-allocator-block-size=4194304"
    "memorysetup-typetree-allocator-block-size=2097152"
    "memorysetup-profiler-bucket-allocator-granularity=16"
    "memorysetup-profiler-bucket-allocator-bucket-count=8"
    "memorysetup-profiler-bucket-allocator-block-size=33554432"
    "memorysetup-profiler-bucket-allocator-block-count=8"
    "memorysetup-profiler-allocator-block-size=16777216"
    "memorysetup-profiler-editor-allocator-block-size=1048576"
    "memorysetup-temp-allocator-size-main=16777216"
    "memorysetup-job-temp-allocator-block-size=2097152"
    "memorysetup-job-temp-allocator-block-size-background=1048576"
    "memorysetup-job-temp-allocator-reduction-small-platforms=262144"
    "memorysetup-temp-allocator-size-background-worker=32768"
    "memorysetup-temp-allocator-size-job-worker=262144"
    "memorysetup-temp-allocator-size-preload-manager=33554432"
    "memorysetup-temp-allocator-size-nav-mesh-worker=65536"
    "memorysetup-temp-allocator-size-audio-worker=65536"
    "memorysetup-temp-allocator-size-cloud-worker=32768"
    "memorysetup-temp-allocator-size-gi-baking-worker=262144"
    "memorysetup-temp-allocator-size-gfx=262144"
Player connection [24196] Host "[IP] 192.168.1.103 [Port] 0 [Flags] 2 [Guid] 4201816272 [EditorId] 4201816272 [Version] 1048832 [Id] WindowsEditor(7,DESKTOP-87JQGIK) [Debug] 1 [PackageName] WindowsEditor [ProjectName] Editor" joined multi-casting on [225.0.0.222:54997]...

Player connection [24196] Host "[IP] 192.168.1.103 [Port] 0 [Flags] 2 [Guid] 4201816272 [EditorId] 4201816272 [Version] 1048832 [Id] WindowsEditor(7,DESKTOP-87JQGIK) [Debug] 1 [PackageName] WindowsEditor [ProjectName] Editor" joined alternative multi-casting on [225.0.0.222:34997]...

Refreshing native plugins compatible for Editor in 87.84 ms, found 2 plugins.
Preloading 0 native plugins for Editor in 0.00 ms.
Initialize engine version: 2021.3.28f1 (232e59c3f087)
[Subsystems] Discovering subsystems at path C:/Program Files/Unity/Hub/Editor/2021.3.28f1/Editor/Data/Resources/UnitySubsystems
[Subsystems] Discovering subsystems at path D:/Github/TestWorkVarisoft/Assets
GfxDevice: creating device client; threaded=0; jobified=0
Direct3D:
    Version:  Direct3D 11.0 [level 11.1]
    Renderer: NVIDIA GeForce GTX 1050 Ti (ID=0x1c82)
    Vendor:   NVIDIA
    VRAM:     4017 MB
    Driver:   31.0.15.3623
Initialize mono
Mono path[0] = 'C:/Program Files/Unity/Hub/Editor/2021.3.28f1/Editor/Data/Managed'
Mono path[1] = 'C:/Program Files/Unity/Hub/Editor/2021.3.28f1/Editor/Data/MonoBleedingEdge/lib/mono/unityjit-win32'
Mono config path = 'C:/Program Files/Unity/Hub/Editor/2021.3.28f1/Editor/Data/MonoBleedingEdge/etc'
Using monoOptions --debugger-agent=transport=dt_socket,embedding=1,server=y,suspend=n,address=127.0.0.1:56960
Begin MonoManager ReloadAssembly
Registering precompiled unity dll's ...
Register platform support module: C:/Program Files/Unity/Hub/Editor/2021.3.28f1/Editor/Data/PlaybackEngines/AndroidPlayer/UnityEditor.Android.Extensions.dll
Register platform support module: C:/Program Files/Unity/Hub/Editor/2021.3.28f1/Editor/Data/PlaybackEngines/WindowsStandaloneSupport/UnityEditor.WindowsStandalone.Extensions.dll
Registered in 0.008065 seconds.
Native extension for WindowsStandalone target not found
Native extension for Android target not found
Android Extension - Scanning For ADB Devices 237 ms
Refreshing native plugins compatible for Editor in 84.77 ms, found 2 plugins.
Preloading 0 native plugins for Editor in 0.00 ms.
Mono: successfully reloaded assembly
- Completed reload, in  0.946 seconds
Domain Reload Profiling:
	ReloadAssembly (947ms)
		BeginReloadAssembly (87ms)
			ExecutionOrderSort (0ms)
			DisableScriptedObjects (0ms)
			BackupInstance (0ms)
			ReleaseScriptingObjects (0ms)
			CreateAndSetChildDomain (1ms)
		EndReloadAssembly (754ms)
			LoadAssemblies (84ms)
			RebuildTransferFunctionScriptingTraits (0ms)
			SetupTypeCache (119ms)
			ReleaseScriptCaches (0ms)
			RebuildScriptCaches (29ms)
			SetupLoadedEditorAssemblies (554ms)
				LogAssemblyErrors (0ms)
				InitializePlatformSupportModulesInManaged (331ms)
				SetLoadedEditorAssemblies (0ms)
				RefreshPlugins (85ms)
				BeforeProcessingInitializeOnLoad (1ms)
				ProcessInitializeOnLoadAttributes (90ms)
				ProcessInitializeOnLoadMethodAttributes (46ms)
				AfterProcessingInitializeOnLoad (0ms)
				EditorAssembliesLoaded (0ms)
			ExecutionOrderSort2 (0ms)
			AwakeInstancesAfterBackupRestoration (0ms)
Platform modules already initialized, skipping
Registering precompiled user dll's ...
Registered in 0.006234 seconds.
Begin MonoManager ReloadAssembly
Symbol file LoadedFromMemory is not a mono symbol file
Native extension for WindowsStandalone target not found
Native extension for Android target not found
Refreshing native plugins compatible for Editor in 78.96 ms, found 2 plugins.
Preloading 0 native plugins for Editor in 0.00 ms.
Mono: successfully reloaded assembly
- Completed reload, in  1.470 seconds
Domain Reload Profiling:
	ReloadAssembly (1471ms)
		BeginReloadAssembly (114ms)
			ExecutionOrderSort (0ms)
			DisableScriptedObjects (6ms)
			BackupInstance (0ms)
			ReleaseScriptingObjects (0ms)
			CreateAndSetChildDomain (18ms)
		EndReloadAssembly (1248ms)
			LoadAssemblies (102ms)
			RebuildTransferFunctionScriptingTraits (0ms)
			SetupTypeCache (253ms)
			ReleaseScriptCaches (1ms)
			RebuildScriptCaches (61ms)
			SetupLoadedEditorAssemblies (794ms)
				LogAssemblyErrors (0ms)
				InitializePlatformSupportModulesInManaged (22ms)
				SetLoadedEditorAssemblies (0ms)
				RefreshPlugins (79ms)
				BeforeProcessingInitializeOnLoad (103ms)
				ProcessInitializeOnLoadAttributes (420ms)
				ProcessInitializeOnLoadMethodAttributes (163ms)
				AfterProcessingInitializeOnLoad (8ms)
				EditorAssembliesLoaded (0ms)
			ExecutionOrderSort2 (0ms)
			AwakeInstancesAfterBackupRestoration (5ms)
Platform modules already initialized, skipping
========================================================================
Worker process is ready to serve import requests
Launched and connected shader compiler UnityShaderCompiler.exe after 0.03 seconds
Refreshing native plugins compatible for Editor in 1.11 ms, found 2 plugins.
Preloading 0 native plugins for Editor in 0.00 ms.
Unloading 4594 Unused Serialized files (Serialized files now loaded: 0)
Unloading 60 unused Assets / (335.8 KB). Loaded Objects now: 5039.
Memory consumption went from 200.4 MB to 200.0 MB.
Total: 6.726800 ms (FindLiveObjects: 0.333700 ms CreateObjectMapping: 0.264100 ms MarkObjects: 5.985600 ms  DeleteObjects: 0.142600 ms)

AssetImportParameters requested are different than current active one (requested -> active):
  custom:video-decoder-ogg-theora: a1e56fd34408186e4bbccfd4996cb3dc -> 
  custom:container-muxer-webm: aa71ff27fc2769a1b78a27578f13a17b -> 
  custom:container-demuxer-webm: 4f35f7cbe854078d1ac9338744f61a02 -> 
  custom:video-encoder-webm-vp8: eb34c28f22e8b96e1ab97ce403110664 -> 
  custom:CustomObjectIndexerAttribute: 6b0e35c9178b02a6363f3721b7b8e397 -> 
  custom:audio-encoder-webm-vorbis: bf7c407c2cedff20999df2af8eb42d56 -> 
  custom:framework-win-MediaFoundation: 216162199b28c13a410421893ffa2e32 -> 
  custom:container-demuxer-ogg: 62fdf1f143b41e24485cea50d1cbac27 -> 
  custom:video-decoder-webm-vp8: 9c59270c3fd7afecdb556c50c9e8de78 -> 
  custom:audio-decoder-ogg-vorbis: bf7c407c2cedff20999df2af8eb42d56 -> 
========================================================================
Received Import Request.
  Time since last request: 23675.814063 seconds.
  path: Assets/Prefabs/Decorations/Desert
  artifactKey: Guid(79ad75392d6cfa54f8d1e8e732fc82cf) Importer(815301076,1909f56bfc062723c751e8b465ee728b)
Start importing Assets/Prefabs/Decorations/Desert using Guid(79ad75392d6cfa54f8d1e8e732fc82cf) Importer(815301076,1909f56bfc062723c751e8b465ee728b)  -> (artifact id: '8d4c7c1839b5e153de9076a9a72d4a3f') in 0.015125 seconds 
========================================================================
Received Import Request.
  Time since last request: 0.021934 seconds.
  path: Assets/Prefabs/Decorations/Desert/Rock_Purple_Large.prefab
  artifactKey: Guid(f03b714ecc5c721458f27961c794d663) Importer(815301076,1909f56bfc062723c751e8b465ee728b)
Start importing Assets/Prefabs/Decorations/Desert/Rock_Purple_Large.prefab using Guid(f03b714ecc5c721458f27961c794d663) Importer(815301076,1909f56bfc062723c751e8b465ee728b)  -> (artifact id: '1071254e99d2ab1470a3738bcdcbab9a') in 0.025461 seconds 
========================================================================
Received Import Request.
  Time since last request: 2.382201 seconds.
  path: Assets/Prefabs/Decorations/Plains
  artifactKey: Guid(4afb23de96ace3948b87325f114ba112) Importer(815301076,1909f56bfc062723c751e8b465ee728b)
Start importing Assets/Prefabs/Decorations/Plains using Guid(4afb23de96ace3948b87325f114ba112) Importer(815301076,1909f56bfc062723c751e8b465ee728b)  -> (artifact id: 'b0287ceb8144e34b60241eb41926ccf6') in 0.006908 seconds 
========================================================================
Received Import Request.
  Time since last request: 0.093762 seconds.
  path: Assets/Prefabs/Decorations/Plains/Tree_Round.prefab
  artifactKey: Guid(0d8e7f3fa9268ed40b2891f4edc73cc6) Importer(815301076,1909f56bfc062723c751e8b465ee728b)
Start importing Assets/Prefabs/Decorations/Plains/Tree_Round.prefab using Guid(0d8e7f3fa9268ed40b2891f4edc73cc6) Importer(815301076,1909f56bfc062723c751e8b465ee728b)  -> (artifact id: 'ad0d630d3e3837c3c76a54308f41f05e') in 0.028820 seconds 
========================================================================
Received Import Request.
  Time since last request: 34.660266 seconds.
  path: Assets/Prefabs/Decorations/FrozenCave
  artifactKey: Guid(f17f06ca462e7f443af9babaed503955) Importer(815301076,1909f56bfc062723c751e8b465ee728b)
Start importing Assets/Prefabs/Decorations/FrozenCave using Guid(f17f06ca462e7f443af9babaed503955) Importer(815301076,1909f56bfc062723c751e8b465ee728b)  -> (artifact id: '450a9c03f7233778cf534975be910ae1') in 0.006881 seconds 
========================================================================
Received Import Request.
  Time since last request: 0.096974 seconds.
  path: Assets/Prefabs/Decorations/FrozenCave/Rock_Flat.prefab
  artifactKey: Guid(ec2fb5f2613b3564b9b1ac5ef2c75423) Importer(815301076,1909f56bfc062723c751e8b465ee728b)
Start importing Assets/Prefabs/Decorations/FrozenCave/Rock_Flat.prefab using Guid(ec2fb5f2613b3564b9b1ac5ef2c75423) Importer(815301076,1909f56bfc062723c751e8b465ee728b)  -> (artifact id: 'c75e9f533d728bb15173ce0c545d008a') in 0.034173 seconds 
========================================================================
Received Import Request.
  Time since last request: 0.006332 seconds.
  path: Assets/Prefabs/Decorations/FrozenCave/Rock_Large.prefab
  artifactKey: Guid(7ca583182dd58f141876f68d679e5221) Importer(815301076,1909f56bfc062723c751e8b465ee728b)
Start importing Assets/Prefabs/Decorations/FrozenCave/Rock_Large.prefab using Guid(7ca583182dd58f141876f68d679e5221) Importer(815301076,1909f56bfc062723c751e8b465ee728b)  -> (artifact id: '2d2fdfb3d1d37cf6f5c6281815bba161') in 0.033154 seconds 
========================================================================
Received Import Request.
  Time since last request: 3.183168 seconds.
  path: Assets/Prefabs/Decorations/FrozenMountain
  artifactKey: Guid(4449f496e7db44e2fa27f4870e0a52d9) Importer(815301076,1909f56bfc062723c751e8b465ee728b)
Start importing Assets/Prefabs/Decorations/FrozenMountain using Guid(4449f496e7db44e2fa27f4870e0a52d9) Importer(815301076,1909f56bfc062723c751e8b465ee728b)  -> (artifact id: 'c5aacfc52aa1e8cb3c0f9b6a6394bbcc') in 0.006978 seconds 
========================================================================
Received Import Request.
  Time since last request: 52.692681 seconds.
  path: Assets/Prefabs/Decorations/Temple
  artifactKey: Guid(7a82ea2e63d1c4b44bbe79553f419697) Importer(815301076,1909f56bfc062723c751e8b465ee728b)
Start importing Assets/Prefabs/Decorations/Temple using Guid(7a82ea2e63d1c4b44bbe79553f419697) Importer(815301076,1909f56bfc062723c751e8b465ee728b)  -> (artifact id: 'a1fffe4d1d01a5db017d9628fede516e') in 0.006665 seconds 
========================================================================
Received Import Request.
  Time since last request: 0.014283 seconds.
  path: Assets/Prefabs/Decorations/Temple/Door_Wall.prefab
  artifactKey: Guid(94ba4ae81e0b6ab4d988264f7fc6973e) Importer(815301076,1909f56bfc062723c751e8b465ee728b)
Start importing Assets/Prefabs/Decorations/Temple/Door_Wall.prefab using Guid(94ba4ae81e0b6ab4d988264f7fc6973e) Importer(815301076,1909f56bfc062723c751e8b465ee728b)  -> (artifact id: '610c11e069982b3515dc44a62a2f6d1f') in 0.154241 seconds 
========================================================================
Received Import Request.
  Time since last request: 0.000016 seconds.
  path: Assets/Prefabs/Decorations/Temple/Pillar_Short_Striped.prefab
  artifactKey: Guid(dbcf565712654ec418d2ef057938e0c6) Importer(815301076,1909f56bfc062723c751e8b465ee728b)
Start importing Assets/Prefabs/Decorations/Temple/Pillar_Short_Striped.prefab using Guid(dbcf565712654ec418d2ef057938e0c6) Importer(815301076,1909f56bfc062723c751e8b465ee728b)  -> (artifact id: '7eee5b1fe1bd893cd0f15a11f1b9ccc0') in 0.105200 seconds 
========================================================================
Received Import Request.
  Time since last request: 0.000023 seconds.
  path: Assets/Prefabs/Decorations/Temple/Pillar_Wall_Short_Right.prefab
  artifactKey: Guid(c50548a3a55a27c4a9176b8fa8c8dc1e) Importer(815301076,1909f56bfc062723c751e8b465ee728b)
Start importing Assets/Prefabs/Decorations/Temple/Pillar_Wall_Short_Right.prefab using Guid(c50548a3a55a27c4a9176b8fa8c8dc1e) Importer(815301076,1909f56bfc062723c751e8b465ee728b)  -> (artifact id: 'fedfa392c02a89ee76cd35b476cef10a') in 0.064703 seconds 
========================================================================
Received Import Request.
  Time since last request: 0.000027 seconds.
  path: Assets/Prefabs/Decorations/Temple/Sarcophagus_2.prefab
  artifactKey: Guid(569eb93e0571fa043a68c197167c396f) Importer(815301076,1909f56bfc062723c751e8b465ee728b)
Start importing Assets/Prefabs/Decorations/Temple/Sarcophagus_2.prefab using Guid(569eb93e0571fa043a68c197167c396f) Importer(815301076,1909f56bfc062723c751e8b465ee728b)  -> (artifact id: 'ecce35f7f7a257e026bfc31ef857f042') in 0.081048 seconds 
========================================================================
Received Import Request.
  Time since last request: 0.000024 seconds.
  path: Assets/Prefabs/Decorations/Temple/Pillar_Wall_Short_Striped_Right.prefab
  artifactKey: Guid(ae2257ce09a2805429fddddbe342b3bb) Importer(815301076,1909f56bfc062723c751e8b465ee728b)
Start importing Assets/Prefabs/Decorations/Temple/Pillar_Wall_Short_Striped_Right.prefab using Guid(ae2257ce09a2805429fddddbe342b3bb) Importer(815301076,1909f56bfc062723c751e8b465ee728b)  -> (artifact id: '276827c262c849b3cbc457c3f7179018') in 0.031053 seconds 
========================================================================
Received Import Request.
  Time since last request: 360.489740 seconds.
  path: Assets/Characters/Monster/Bat.prefab
  artifactKey: Guid(bfd627504ba0f274eb664a0156e9c6f4) Importer(815301076,1909f56bfc062723c751e8b465ee728b)
Start importing Assets/Characters/Monster/Bat.prefab using Guid(bfd627504ba0f274eb664a0156e9c6f4) Importer(815301076,1909f56bfc062723c751e8b465ee728b)  -> (artifact id: 'c4aeda2ce6e0d997dd86fc806bcbf780') in 0.028913 seconds 
========================================================================
Received Import Request.
  Time since last request: 0.000025 seconds.
  path: Assets/Characters/Monster/Golem Phase 1.prefab
  artifactKey: Guid(e100ad6403392ae40a6cee8a7939c627) Importer(815301076,1909f56bfc062723c751e8b465ee728b)
Start importing Assets/Characters/Monster/Golem Phase 1.prefab using Guid(e100ad6403392ae40a6cee8a7939c627) Importer(815301076,1909f56bfc062723c751e8b465ee728b)  -> (artifact id: '695ea16e4bfc6cbbaecc2489fb9ce2fd') in 0.011090 seconds 
========================================================================
Received Import Request.
  Time since last request: 0.000030 seconds.
  path: Assets/Characters/Monster/Rat.prefab
  artifactKey: Guid(2cab2bfb540c7ba4fbff0c860a333edc) Importer(815301076,1909f56bfc062723c751e8b465ee728b)
Start importing Assets/Characters/Monster/Rat.prefab using Guid(2cab2bfb540c7ba4fbff0c860a333edc) Importer(815301076,1909f56bfc062723c751e8b465ee728b)  -> (artifact id: '34144eafc90089a367a6407b26b4f416') in 0.009189 seconds 
========================================================================
Received Import Request.
  Time since last request: 153.524233 seconds.
  path: Assets/Scripts/Enemy/Behaviour/Crab.asset
  artifactKey: Guid(3916747e281272c459d3dbf2dec01266) Importer(815301076,1909f56bfc062723c751e8b465ee728b)
Start importing Assets/Scripts/Enemy/Behaviour/Crab.asset using Guid(3916747e281272c459d3dbf2dec01266) Importer(815301076,1909f56bfc062723c751e8b465ee728b)  -> (artifact id: '3267d7860aa42d2cf82c946ff01d5eed') in 0.003381 seconds 
